<?xml version="1.0" encoding="UTF-8"?>
<testsuite name="Login Test"
           tests="7"
           failures="0"
           errors="0"
           skipped="0"
           time="60.102">
  <properties />
  
  
            <testcase name="verifyTheErrorMessageWithInValidCredentials" time="3.980" classname="com.automation.testsuite.SignPageTest" />
                <testcase name="verifyThatUserShouldLogInSuccessFullyWithValidCredentials" time="4.897" classname="com.automation.testsuite.SignPageTest" />
                <testcase name="verifyTheErrorMessageWithInValidCredentials" time="5.491" classname="com.automation.testsuite.SignPageTest" />
                <testcase name="userShouldNavigateToSignInPageSuccessFully" time="1.888" classname="com.automation.testsuite.SignPageTest" />
                <testcase name="verifyTheErrorMessageWithInValidCredentials" time="14.500" classname="com.automation.testsuite.SignPageTest" />
                <testcase name="verifyTheErrorMessageWithInValidCredentials" time="7.682" classname="com.automation.testsuite.SignPageTest" />
                <testcase name="verifyThatUserShouldLogOutSuccessFully" time="21.664" classname="com.automation.testsuite.SignPageTest" />
      
</testsuite>
